<?xml version="1.0" encoding="UTF-8"?>
<!-- Generated by org.testng.reporters.JUnitXMLReporter -->
<testsuite ignored="1" hostname="LAPTOP-DK6TK74Q" failures="0" tests="1" name="Test-Firefox" time="75.593" errors="0" timestamp="2022-09-02T15:32:53 IST">
  <testcase classname="com.crm.VTiger.TestCases.OrganisationTest" name="createOrgWithIndus" time="22.021"/>
  <testcase classname="com.crm.VTiger.TestCases.OrganisationTest" name="createOrg" time="0.0">
    <ignored/>
  </testcase> <!-- createOrg -->
</testsuite> <!-- Test-Firefox -->
