<?xml version="1.0" encoding="UTF-8"?>
<!-- Generated by org.testng.reporters.JUnitXMLReporter -->
<testsuite ignored="1" hostname="LAPTOP-DK6TK74Q" failures="0" tests="1" name="Test-runner2" time="59.288" errors="0" timestamp="2022-09-02T15:02:31 IST">
  <testcase classname="com.crm.VTiger.TestCases.OrganisationTest" name="createOrgWithIndus" time="29.46"/>
  <testcase classname="com.crm.VTiger.TestCases.OrganisationTest" name="createOrg" time="0.0">
    <ignored/>
  </testcase> <!-- createOrg -->
</testsuite> <!-- Test-runner2 -->
