<?xml version="1.0" encoding="UTF-8"?>
<!-- Generated by org.testng.reporters.JUnitReportReporter -->
<testsuite hostname="LAPTOP-DK6TK74Q" failures="0" tests="3" name="com.crm.VTiger.TestCases.Demo" time="0.031" errors="0" timestamp="30 Aug 2022 10:15:14 GMT" skipped="0">
  <testcase classname="com.crm.VTiger.TestCases.Demo" name="industryTest" time="0.002"/>
  <testcase classname="com.crm.VTiger.TestCases.Demo" name="contactTest" time="0.028"/>
  <testcase classname="com.crm.VTiger.TestCases.Demo" name="orgTest" time="0.001"/>
</testsuite> <!-- com.crm.VTiger.TestCases.Demo -->
