<?xml version="1.0" encoding="UTF-8"?>
<!-- Generated by org.testng.reporters.JUnitReportReporter -->
<testsuite hostname="LAPTOP-DK6TK74Q" failures="0" tests="1" name="DDT.Practice.ReadingDataFromPropertyFileTest" time="0.027" errors="0" timestamp="04 Aug 2022 10:26:35 GMT" skipped="0">
  <testcase classname="DDT.Practice.ReadingDataFromPropertyFileTest" name="readDataFromProperty" time="0.027"/>
</testsuite> <!-- DDT.Practice.ReadingDataFromPropertyFileTest -->
