<?xml version="1.0" encoding="UTF-8"?>
<!-- Generated by org.testng.reporters.JUnitReportReporter -->
<testsuite hostname="LAPTOP-DK6TK74Q" failures="0" tests="1" name="DDT.Practice.ReadingDataFromCMDTest" time="0.020" errors="0" timestamp="05 Aug 2022 11:27:46 GMT" skipped="0">
  <testcase classname="DDT.Practice.ReadingDataFromCMDTest" name="readDataFromCMDTest" time="0.020"/>
</testsuite> <!-- DDT.Practice.ReadingDataFromCMDTest -->
