<?xml version="1.0" encoding="UTF-8"?>
<!-- Generated by org.testng.reporters.JUnitReportReporter -->
<testsuite hostname="LAPTOP-DK6TK74Q" failures="0" tests="1" name="DDT.Practice.ReadingDataFromXMLFileTest" time="0.036" errors="0" timestamp="04 Aug 2022 10:56:50 GMT" skipped="0">
  <testcase classname="DDT.Practice.ReadingDataFromXMLFileTest" name="readDataFromXML" time="0.036"/>
</testsuite> <!-- DDT.Practice.ReadingDataFromXMLFileTest -->
