<?xml version="1.0" encoding="UTF-8"?>
<!-- Generated by org.testng.reporters.JUnitReportReporter -->
<testsuite hostname="Amar" failures="0" tests="1" name="practice.Ex_Report" time="16.620" errors="0" timestamp="2022-09-06T15:59:23 IST" skipped="0">
  <testcase classname="practice.Ex_Report" name="generateReport" time="16.620"/>
  <system-out/>
</testsuite> <!-- practice.Ex_Report -->
