<?xml version="1.0" encoding="UTF-8"?>
<!-- Generated by org.testng.reporters.JUnitReportReporter -->
<testsuite hostname="Amar" failures="0" tests="1" name="com.crm.Vtiger.GenericUtils.JavaUtility" time="0.077" errors="0" timestamp="2022-09-07T13:03:18 IST" skipped="0">
  <testcase classname="com.crm.Vtiger.GenericUtils.JavaUtility" name="datee" time="0.077"/>
  <system-out/>
</testsuite> <!-- com.crm.Vtiger.GenericUtils.JavaUtility -->
