<?xml version="1.0" encoding="UTF-8"?>
<!-- Generated by org.testng.reporters.JUnitReportReporter -->
<testsuite hostname="LAPTOP-DK6TK74Q" failures="0" tests="1" name="DDT.Practice.ReadingDataFromExcelTest" time="1.184" errors="0" timestamp="05 Aug 2022 11:27:01 GMT" skipped="0">
  <testcase classname="DDT.Practice.ReadingDataFromExcelTest" name="readDataFromExcel" time="1.184"/>
</testsuite> <!-- DDT.Practice.ReadingDataFromExcelTest -->
