<?xml version="1.0" encoding="UTF-8"?>
<!-- Generated by org.testng.reporters.JUnitReportReporter -->
<testsuite hostname="LAPTOP-DK6TK74Q" failures="0" tests="1" name="JDBC.practice.ReadDataFromDataBaseTest" time="0.667" errors="0" timestamp="16 Aug 2022 09:50:41 GMT" skipped="0">
  <testcase classname="JDBC.practice.ReadDataFromDataBaseTest" name="readDataFromDB" time="0.667"/>
</testsuite> <!-- JDBC.practice.ReadDataFromDataBaseTest -->
