<?xml version="1.0" encoding="UTF-8"?>
<!-- Generated by org.testng.reporters.JUnitReportReporter -->
<testsuite hostname="LAPTOP-DK6TK74Q" failures="0" tests="1" name="com.crm.VTiger.TestCases.OrganisationTest" time="40.090" errors="0" timestamp="2022-09-02T16:52:36 IST" skipped="0">
  <testcase classname="com.crm.VTiger.TestCases.OrganisationTest" name="createOrg" time="40.090"/>
  <system-out>
Org Created  </system-out>
</testsuite> <!-- com.crm.VTiger.TestCases.OrganisationTest -->
