<?xml version="1.0" encoding="UTF-8"?>
<!-- Generated by org.testng.reporters.JUnitReportReporter -->
<testsuite hostname="Amar" failures="0" tests="1" name="practice.Extent_Report" time="28.719" errors="0" timestamp="2022-09-06T15:07:29 IST" skipped="0">
  <testcase classname="practice.Extent_Report" name="generateReport" time="28.719"/>
  <system-out/>
</testsuite> <!-- practice.Extent_Report -->
