<?xml version="1.0" encoding="UTF-8"?>
<!-- Generated by org.testng.reporters.JUnitReportReporter -->
<testsuite hostname="LAPTOP-DK6TK74Q" failures="0" tests="3" name="com.crm.VTiger.TestCases.DataProviderTest" time="0.026" errors="0" timestamp="30 Aug 2022 11:19:37 GMT" skipped="0">
  <testcase classname="com.crm.VTiger.TestCases.DataProviderTest" name="getingMultiData" time="0.002"/>
  <testcase classname="com.crm.VTiger.TestCases.DataProviderTest" name="getingMultiData" time="0.023"/>
  <testcase classname="com.crm.VTiger.TestCases.DataProviderTest" name="getingMultiData" time="0.001"/>
</testsuite> <!-- com.crm.VTiger.TestCases.DataProviderTest -->
